<?xml version="1.0" encoding="UTF-8"?>
<!-- Generated by org.testng.reporters.JUnitXMLReporter -->
<testsuite ignored="1" hostname="DESKTOP-N9N8M7C" failures="0" tests="1" name="OpenCartTest" time="7.829" errors="0" timestamp="2023-09-21T14:50:28 IST">
  <testcase classname="testCases.TC_002_LoginTest" name="test_Login" time="1.333"/>
  <testcase classname="testCases.TC_001_AccountRegistrationTest" name="test_account_Registration" time="0.0">
    <ignored/>
  </testcase> <!-- test_account_Registration -->
</testsuite> <!-- OpenCartTest -->
